[    0.000000] Linux version 4.15.0-91-generic (buildd@lgw01-amd64-013) (gcc version 7.4.0 (Ubuntu 7.4.0-1ubuntu1~18.04.1)) #92-Ubuntu SMP Fri Feb 28 11:09:48 UTC 2020 (Ubuntu 4.15.0-91.92-generic 4.15.18)
[    0.000000] Command line: BOOT_IMAGE=/boot/vmlinuz-4.15.0-91-generic root=LABEL=cloudimg-rootfs ro console=tty1 console=ttyS0
[    0.000000] KERNEL supported cpus:
[    0.000000]   Intel GenuineIntel
[    0.000000]   AMD AuthenticAMD
[    0.000000]   Centaur CentaurHauls
[    0.000000] x86/fpu: Supporting XSAVE feature 0x001: 'x87 floating point registers'
[    0.000000] x86/fpu: Supporting XSAVE feature 0x002: 'SSE registers'
[    0.000000] x86/fpu: Supporting XSAVE feature 0x004: 'AVX registers'
[    0.000000] x86/fpu: xstate_offset[2]:  576, xstate_sizes[2]:  256
[    0.000000] x86/fpu: Enabled xstate features 0x7, context size is 832 bytes, using 'standard' format.
[    0.000000] e820: BIOS-provided physical RAM map:
[    0.000000] BIOS-e820: [mem 0x0000000000000000-0x000000000009fbff] usable
[    0.000000] BIOS-e820: [mem 0x000000000009fc00-0x000000000009ffff] reserved
[    0.000000] BIOS-e820: [mem 0x00000000000f0000-0x00000000000fffff] reserved
[    0.000000] BIOS-e820: [mem 0x0000000000100000-0x0000000017feffff] usable
[    0.000000] BIOS-e820: [mem 0x0000000017ff0000-0x0000000017ffffff] ACPI data
[    0.000000] BIOS-e820: [mem 0x00000000fec00000-0x00000000fec00fff] reserved
[    0.000000] BIOS-e820: [mem 0x00000000fee00000-0x00000000fee00fff] reserved
[    0.000000] BIOS-e820: [mem 0x00000000fffc0000-0x00000000ffffffff] reserved
[    0.000000] NX (Execute Disable) protection: active
[    0.000000] SMBIOS 2.5 present.
[    0.000000] DMI: innotek GmbH VirtualBox/VirtualBox, BIOS VirtualBox 12/01/2006
[    0.000000] Hypervisor detected: KVM
[    0.000000] e820: last_pfn = 0x17ff0 max_arch_pfn = 0x400000000
[    0.000000] MTRR: Disabled
[    0.000000] x86/PAT: MTRRs disabled, skipping PAT initialization too.
[    0.000000] CPU MTRRs all blank - virtualized system.
[    0.000000] x86/PAT: Configuration [0-7]: WB  WT  UC- UC  WB  WT  UC- UC  
[    0.000000] found SMP MP-table at [mem 0x0009fff0-0x0009ffff]
[    0.000000] Scanning 1 areas for low memory corruption
[    0.000000] RAMDISK: [mem 0x15c30000-0x16ef1fff]
[    0.000000] ACPI: Early table checksum verification disabled
[    0.000000] ACPI: RSDP 0x00000000000E0000 000024 (v02 VBOX  )
[    0.000000] ACPI: XSDT 0x0000000017FF0030 00003C (v01 VBOX   VBOXXSDT 00000001 ASL  00000061)
[    0.000000] ACPI: FACP 0x0000000017FF00F0 0000F4 (v04 VBOX   VBOXFACP 00000001 ASL  00000061)
[    0.000000] ACPI: DSDT 0x0000000017FF0470 002325 (v02 VBOX   VBOXBIOS 00000002 INTL 20100528)
[    0.000000] ACPI: FACS 0x0000000017FF0200 000040
[    0.000000] ACPI: FACS 0x0000000017FF0200 000040
[    0.000000] ACPI: APIC 0x0000000017FF0240 000054 (v02 VBOX   VBOXAPIC 00000001 ASL  00000061)
[    0.000000] ACPI: SSDT 0x0000000017FF02A0 0001CC (v01 VBOX   VBOXCPUT 00000002 INTL 20100528)
[    0.000000] No NUMA configuration found
[    0.000000] Faking a node at [mem 0x0000000000000000-0x0000000017feffff]
[    0.000000] NODE_DATA(0) allocated [mem 0x17fc5000-0x17feffff]
[    0.000000] kvm-clock: cpu 0, msr 0:17f44001, primary cpu clock
[    0.000000] kvm-clock: Using msrs 4b564d01 and 4b564d00
[    0.000000] kvm-clock: using sched offset of 4499746321 cycles
[    0.000000] clocksource: kvm-clock: mask: 0xffffffffffffffff max_cycles: 0x1cd42e4dffb, max_idle_ns: 881590591483 ns
[    0.000000] Zone ranges:
[    0.000000]   DMA      [mem 0x0000000000001000-0x0000000000ffffff]
[    0.000000]   DMA32    [mem 0x0000000001000000-0x0000000017feffff]
[    0.000000]   Normal   empty
[    0.000000]   Device   empty
[    0.000000] Movable zone start for each node
[    0.000000] Early memory node ranges
[    0.000000]   node   0: [mem 0x0000000000001000-0x000000000009efff]
[    0.000000]   node   0: [mem 0x0000000000100000-0x0000000017feffff]
[    0.000000] Reserved but unavailable: 98 pages
[    0.000000] Initmem setup node 0 [mem 0x0000000000001000-0x0000000017feffff]
[    0.000000] ACPI: PM-Timer IO Port: 0x4008
[    0.000000] IOAPIC[0]: apic_id 1, version 32, address 0xfec00000, GSI 0-23
[    0.000000] ACPI: INT_SRC_OVR (bus 0 bus_irq 0 global_irq 2 dfl dfl)
[    0.000000] ACPI: INT_SRC_OVR (bus 0 bus_irq 9 global_irq 9 low level)
[    0.000000] Using ACPI (MADT) for SMP configuration information
[    0.000000] smpboot: Allowing 1 CPUs, 0 hotplug CPUs
[    0.000000] PM: Registered nosave memory: [mem 0x00000000-0x00000fff]
[    0.000000] PM: Registered nosave memory: [mem 0x0009f000-0x0009ffff]
[    0.000000] PM: Registered nosave memory: [mem 0x000a0000-0x000effff]
[    0.000000] PM: Registered nosave memory: [mem 0x000f0000-0x000fffff]
[    0.000000] e820: [mem 0x18000000-0xfebfffff] available for PCI devices
[    0.000000] Booting paravirtualized kernel on KVM
[    0.000000] clocksource: refined-jiffies: mask: 0xffffffff max_cycles: 0xffffffff, max_idle_ns: 7645519600211568 ns
[    0.000000] random: get_random_bytes called from start_kernel+0x99/0x4fd with crng_init=0
[    0.000000] setup_percpu: NR_CPUS:8192 nr_cpumask_bits:1 nr_cpu_ids:1 nr_node_ids:1
[    0.000000] percpu: Embedded 45 pages/cpu s147456 r8192 d28672 u2097152
[    0.000000] PV qspinlock hash table entries: 256 (order: 0, 4096 bytes)
[    0.000000] Built 1 zonelists, mobility grouping on.  Total pages: 96633
[    0.000000] Policy zone: DMA32
[    0.000000] Kernel command line: BOOT_IMAGE=/boot/vmlinuz-4.15.0-91-generic root=LABEL=cloudimg-rootfs ro console=tty1 console=ttyS0
[    0.000000] Memory: 338120K/392760K available (12300K kernel code, 2481K rwdata, 4264K rodata, 2432K init, 2712K bss, 54640K reserved, 0K cma-reserved)
[    0.000000] SLUB: HWalign=64, Order=0-3, MinObjects=0, CPUs=1, Nodes=1
[    0.000000] Kernel/User page tables isolation: enabled
[    0.000000] ftrace: allocating 39347 entries in 154 pages
[    0.004000] Hierarchical RCU implementation.
[    0.004000] 	RCU restricting CPUs from NR_CPUS=8192 to nr_cpu_ids=1.
[    0.004000] 	Tasks RCU enabled.
[    0.004000] RCU: Adjusting geometry for rcu_fanout_leaf=16, nr_cpu_ids=1
[    0.004000] NR_IRQS: 524544, nr_irqs: 256, preallocated irqs: 16
[    0.004000] Console: colour VGA+ 80x25
[    0.004000] console [tty1] enabled
[    0.004000] console [ttyS0] enabled
[    0.004000] ACPI: Core revision 20170831
[    0.004000] ACPI: 2 ACPI AML tables successfully acquired and loaded
[    0.004000] APIC: Switch to symmetric I/O mode setup
[    0.004000] x2apic enabled
[    0.004000] Switched APIC routing to physical x2apic.
[    0.004000] ..TIMER: vector=0x30 apic1=0 pin1=2 apic2=-1 pin2=-1
[    0.004005] tsc: Detected 2399.998 MHz processor
[    0.005022] Calibrating delay loop (skipped) preset value.. 4799.99 BogoMIPS (lpj=9599992)
[    0.005849] pid_max: default: 32768 minimum: 301
[    0.008036] Security Framework initialized
[    0.008996] Yama: becoming mindful.
[    0.009815] AppArmor: AppArmor initialized
[    0.012092] Dentry cache hash table entries: 65536 (order: 7, 524288 bytes)
[    0.013620] Inode-cache hash table entries: 32768 (order: 6, 262144 bytes)
[    0.015180] Mount-cache hash table entries: 1024 (order: 1, 8192 bytes)
[    0.016005] Mountpoint-cache hash table entries: 1024 (order: 1, 8192 bytes)
[    0.018595] process: using mwait in idle threads
[    0.020009] Last level iTLB entries: 4KB 1024, 2MB 1024, 4MB 1024
[    0.022218] Last level dTLB entries: 4KB 1024, 2MB 1024, 4MB 1024, 1GB 4
[    0.024005] Spectre V1 : Mitigation: usercopy/swapgs barriers and __user pointer sanitization
[    0.026552] Spectre V2 : Mitigation: Full generic retpoline
[    0.028008] Spectre V2 : Spectre v2 / SpectreRSB mitigation: Filling RSB on context switch
[    0.032006] Speculative Store Bypass: Vulnerable
[    0.036064] MDS: Mitigation: Clear CPU buffers
[    0.056676] Freeing SMP alternatives memory: 36K
[    0.168239] smpboot: CPU0: Intel(R) Core(TM) i5-4258U CPU @ 2.40GHz (family: 0x6, model: 0x45, stepping: 0x1)
[    0.172295] Performance Events: unsupported p6 CPU model 69 no PMU driver, software events only.
[    0.176072] Hierarchical SRCU implementation.
[    0.179115] NMI watchdog: Perf event create on CPU 0 failed with -2
[    0.180006] NMI watchdog: Perf NMI watchdog permanently disabled
[    0.184089] smp: Bringing up secondary CPUs ...
[    0.186135] smp: Brought up 1 node, 1 CPU
[    0.188006] smpboot: Max logical packages: 1
[    0.189881] smpboot: Total of 1 processors activated (4799.99 BogoMIPS)
[    0.192227] devtmpfs: initialized
[    0.196092] x86/mm: Memory block size: 128MB
[    0.198234] evm: security.selinux
[    0.200051] evm: security.SMACK64
[    0.201409] evm: security.SMACK64EXEC
[    0.204005] evm: security.SMACK64TRANSMUTE
[    0.206063] evm: security.SMACK64MMAP
[    0.208006] evm: security.apparmor
[    0.209569] evm: security.ima
[    0.211324] evm: security.capability
[    0.212147] clocksource: jiffies: mask: 0xffffffff max_cycles: 0xffffffff, max_idle_ns: 7645041785100000 ns
[    0.214617] futex hash table entries: 256 (order: 2, 16384 bytes)
[    0.216086] pinctrl core: initialized pinctrl subsystem
[    0.218235] RTC time: 12:41:49, date: 04/02/20
[    0.220248] NET: Registered protocol family 16
[    0.221452] audit: initializing netlink subsys (disabled)
[    0.224211] cpuidle: using governor ladder
[    0.225591] cpuidle: using governor menu
[    0.228015] audit: type=2000 audit(1585831315.860:1): state=initialized audit_enabled=0 res=1
[    0.230439] ACPI: bus type PCI registered
[    0.232006] acpiphp: ACPI Hot Plug PCI Controller Driver version: 0.5
[    0.234297] PCI: Using configuration type 1 for base access
[    0.237022] HugeTLB registered 2.00 MiB page size, pre-allocated 0 pages
[    0.238984] ACPI: Added _OSI(Module Device)
[    0.240009] ACPI: Added _OSI(Processor Device)
[    0.241890] ACPI: Added _OSI(3.0 _SCP Extensions)
[    0.242973] ACPI: Added _OSI(Processor Aggregator Device)
[    0.244021] ACPI: Added _OSI(Linux-Dell-Video)
[    0.245031] ACPI: Added _OSI(Linux-Lenovo-NV-HDMI-Audio)
[    0.248017] ACPI: Added _OSI(Linux-HPI-Hybrid-Graphics)
[    0.249854] ACPI: Executed 1 blocks of module-level executable AML code
[    0.254618] ACPI: Interpreter enabled
[    0.255465] ACPI: (supports S0 S5)
[    0.256003] ACPI: Using IOAPIC for interrupt routing
[    0.257403] PCI: Using host bridge windows from ACPI; if necessary, use "pci=nocrs" and report a bug
[    0.259582] ACPI: Enabled 2 GPEs in block 00 to 07
[    0.268726] ACPI: PCI Root Bridge [PCI0] (domain 0000 [bus 00-ff])
[    0.270633] acpi PNP0A03:00: _OSC: OS supports [ASPM ClockPM Segments MSI]
[    0.272505] acpi PNP0A03:00: _OSC: not requesting OS control; OS requires [ExtendedConfig ASPM ClockPM MSI]
[    0.276016] acpi PNP0A03:00: fail to add MMCONFIG information, can't access extended PCI configuration space under this bridge.
[    0.279442] PCI host bridge to bus 0000:00
[    0.280006] pci_bus 0000:00: root bus resource [io  0x0000-0x0cf7 window]
[    0.281479] pci_bus 0000:00: root bus resource [io  0x0d00-0xffff window]
[    0.282922] pci_bus 0000:00: root bus resource [mem 0x000a0000-0x000bffff window]
[    0.284018] pci_bus 0000:00: root bus resource [mem 0x18000000-0xfdffffff window]
[    0.288006] pci_bus 0000:00: root bus resource [bus 00-ff]
[    0.292944] pci 0000:00:01.1: legacy IDE quirk: reg 0x10: [io  0x01f0-0x01f7]
[    0.294662] pci 0000:00:01.1: legacy IDE quirk: reg 0x14: [io  0x03f6]
[    0.296005] pci 0000:00:01.1: legacy IDE quirk: reg 0x18: [io  0x0170-0x0177]
[    0.297538] pci 0000:00:01.1: legacy IDE quirk: reg 0x1c: [io  0x0376]
[    0.310905] pci 0000:00:07.0: quirk: [io  0x4000-0x403f] claimed by PIIX4 ACPI
[    0.312041] pci 0000:00:07.0: quirk: [io  0x4100-0x410f] claimed by PIIX4 SMB
[    0.323628] ACPI: PCI Interrupt Link [LNKA] (IRQs 5 9 10 *11)
[    0.324385] ACPI: PCI Interrupt Link [LNKB] (IRQs 5 9 *10 11)
[    0.325957] ACPI: PCI Interrupt Link [LNKC] (IRQs 5 *9 10 11)
[    0.328186] ACPI: PCI Interrupt Link [LNKD] (IRQs 5 9 10 *11)
[    0.330373] SCSI subsystem initialized
[    0.332128] pci 0000:00:02.0: vgaarb: setting as boot VGA device
[    0.333433] pci 0000:00:02.0: vgaarb: VGA device added: decodes=io+mem,owns=io+mem,locks=none
[    0.336010] pci 0000:00:02.0: vgaarb: bridge control possible
[    0.337298] vgaarb: loaded
[    0.337987] ACPI: bus type USB registered
[    0.340031] usbcore: registered new interface driver usbfs
[    0.341530] usbcore: registered new interface driver hub
[    0.342973] usbcore: registered new device driver usb
[    0.344098] EDAC MC: Ver: 3.0.0
[    0.345519] PCI: Using ACPI for IRQ routing
[    0.348447] NetLabel: Initializing
[    0.349386] NetLabel:  domain hash size = 128
[    0.350405] NetLabel:  protocols = UNLABELED CIPSOv4 CALIPSO
[    0.352041] NetLabel:  unlabeled traffic allowed by default
[    0.353409] clocksource: Switched to clocksource kvm-clock
[    0.367559] VFS: Disk quotas dquot_6.6.0
[    0.368549] VFS: Dquot-cache hash table entries: 512 (order 0, 4096 bytes)
[    0.370128] AppArmor: AppArmor Filesystem Enabled
[    0.371640] pnp: PnP ACPI init
[    0.374753] pnp: PnP ACPI: found 3 devices
[    0.381205] clocksource: acpi_pm: mask: 0xffffff max_cycles: 0xffffff, max_idle_ns: 2085701024 ns
[    0.383421] NET: Registered protocol family 2
[    0.384613] TCP established hash table entries: 4096 (order: 3, 32768 bytes)
[    0.386138] TCP bind hash table entries: 4096 (order: 4, 65536 bytes)
[    0.387603] TCP: Hash tables configured (established 4096 bind 4096)
[    0.389911] UDP hash table entries: 256 (order: 1, 8192 bytes)
[    0.391251] UDP-Lite hash table entries: 256 (order: 1, 8192 bytes)
[    0.392675] NET: Registered protocol family 1
[    0.393668] pci 0000:00:00.0: Limiting direct PCI/PCI transfers
[    0.395533] pci 0000:00:01.0: Activating ISA DMA hang workarounds
[    0.398273] pci 0000:00:02.0: Video device with shadowed ROM at [mem 0x000c0000-0x000dffff]
[    0.400271] Unpacking initramfs...
[    0.720937] Freeing initrd memory: 19208K
[    0.722726] clocksource: tsc: mask: 0xffffffffffffffff max_cycles: 0x229835b7123, max_idle_ns: 440795242976 ns
[    0.726038] platform rtc_cmos: registered platform RTC device (no PNP device found)
[    0.728637] Scanning for low memory corruption every 60 seconds
[    0.731095] Initialise system trusted keyrings
[    0.732597] Key type blacklist registered
[    0.734055] workingset: timestamp_bits=36 max_order=17 bucket_order=0
[    0.737405] zbud: loaded
[    0.738914] squashfs: version 4.0 (2009/01/31) Phillip Lougher
[    0.741183] fuse init (API version 7.26)
[    0.743650] Key type asymmetric registered
[    0.745045] Asymmetric key parser 'x509' registered
[    0.746625] Block layer SCSI generic (bsg) driver version 0.4 loaded (major 246)
[    0.749613] io scheduler noop registered
[    0.750939] io scheduler deadline registered
[    0.753557] io scheduler cfq registered (default)
[    0.755519] ACPI: AC Adapter [AC] (on-line)
[    0.757461] input: Power Button as /devices/LNXSYSTM:00/LNXPWRBN:00/input/input0
[    0.761181] ACPI: Power Button [PWRF]
[    0.762603] input: Sleep Button as /devices/LNXSYSTM:00/LNXSLPBN:00/input/input1
[    0.766033] ACPI: Sleep Button [SLPF]
[    0.771292] ACPI: Battery Slot [BAT0] (battery present)
[    0.773103] Serial: 8250/16550 driver, 32 ports, IRQ sharing enabled
[    0.797312] 00:02: ttyS0 at I/O 0x3f8 (irq = 4, base_baud = 115200) is a 16550A
[    0.804337] Linux agpgart interface v0.103
[    0.807206] loop: module loaded
[    0.808526] scsi host0: ata_piix
[    0.809413] scsi host1: ata_piix
[    0.810395] ata1: PATA max UDMA/33 cmd 0x1f0 ctl 0x3f6 bmdma 0xd000 irq 14
[    0.812545] ata2: PATA max UDMA/33 cmd 0x170 ctl 0x376 bmdma 0xd008 irq 15
[    0.815506] libphy: Fixed MDIO Bus: probed
[    0.817239] tun: Universal TUN/TAP device driver, 1.6
[    0.818553] PPP generic driver version 2.4.2
[    0.819954] ehci_hcd: USB 2.0 'Enhanced' Host Controller (EHCI) Driver
[    0.822014] ehci-pci: EHCI PCI platform driver
[    0.823429] ehci-platform: EHCI generic platform driver
[    0.825795] ohci_hcd: USB 1.1 'Open' Host Controller (OHCI) Driver
[    0.828233] ohci-pci: OHCI PCI platform driver
[    0.830134] ohci-platform: OHCI generic platform driver
[    0.831987] uhci_hcd: USB Universal Host Controller Interface driver
[    0.834633] i8042: PNP: PS/2 Controller [PNP0303:PS2K,PNP0f03:PS2M] at 0x60,0x64 irq 1,12
[    0.837142] serio: i8042 KBD port at 0x60,0x64 irq 1
[    0.838510] serio: i8042 AUX port at 0x60,0x64 irq 12
[    0.839832] mousedev: PS/2 mouse device common for all mice
[    0.841667] input: AT Translated Set 2 keyboard as /devices/platform/i8042/serio0/input/input2
[    0.843994] rtc_cmos rtc_cmos: rtc core: registered rtc_cmos as rtc0
[    0.845585] rtc_cmos rtc_cmos: alarms up to one day, 114 bytes nvram
[    0.846954] i2c /dev entries driver
[    0.847805] device-mapper: uevent: version 1.0.3
[    0.849199] device-mapper: ioctl: 4.37.0-ioctl (2017-09-20) initialised: dm-devel@redhat.com
[    0.851189] ledtrig-cpu: registered to indicate activity on CPUs
[    0.852817] NET: Registered protocol family 10
[    0.857483] Segment Routing with IPv6
[    0.858481] NET: Registered protocol family 17
[    0.859631] Key type dns_resolver registered
[    0.860790] mce: Using 0 MCE banks
[    0.861585] RAS: Correctable Errors collector initialized.
[    0.862787] sched_clock: Marking stable (860681376, 0)->(1055165384, -194484008)
[    0.865501] registered taskstats version 1
[    0.867389] Loading compiled-in X.509 certificates
[    0.870936] Loaded X.509 cert 'Build time autogenerated kernel key: d019e8c5f4cbc828f6af43369f65a014a3a68371'
[    0.875328] zswap: loaded using pool lzo/zbud
[    0.879696] Key type big_key registered
[    0.881936] Key type trusted registered
[    0.884230] Key type encrypted registered
[    0.885222] AppArmor: AppArmor sha1 policy hashing enabled
[    0.886442] ima: No TPM chip found, activating TPM-bypass! (rc=-19)
[    0.887796] ima: Allocated hash algorithm: sha1
[    0.890015] evm: HMAC attrs: 0x1
[    0.891159]   Magic number: 0:541:682
[    0.892240] rtc_cmos rtc_cmos: setting system clock to 2020-04-02 12:41:50 UTC (1585831310)
[    0.894141] BIOS EDD facility v0.16 2004-Jun-25, 0 devices found
[    0.895437] EDD information not available.
[    1.001343] Freeing unused kernel image memory: 2432K
[    1.012411] Write protecting the kernel read-only data: 20480k
[    1.015107] Freeing unused kernel image memory: 2008K
[    1.018901] Freeing unused kernel image memory: 1880K
[    1.031700] x86/mm: Checked W+X mappings: passed, no W+X pages found.
[    1.033539] x86/mm: Checking user space page tables
[    1.041150] x86/mm: Checked W+X mappings: passed, no W+X pages found.
Loading, please wait...
starting version 237
[    1.148235] e1000: Intel(R) PRO/1000 Network Driver - version 7.3.21-k8-NAPI
[    1.150140] e1000: Copyright (c) 1999-2006 Intel Corporation.
[    1.156010] Fusion MPT base driver 3.04.20
[    1.157040] Copyright (c) 1999-2008 LSI Corporation
[    1.173859] Fusion MPT SPI Host driver 3.04.20
[    1.196696] AVX2 version of gcm_enc/dec engaged.
[    1.197848] AES CTR mode by8 optimization enabled
[    1.370378] input: ImExPS/2 Generic Explorer Mouse as /devices/platform/i8042/serio1/input/input4
[    1.664214] e1000 0000:00:03.0 eth0: (PCI:33MHz:32-bit) 02:39:67:45:9c:e6
[    1.667736] e1000 0000:00:03.0 eth0: Intel(R) PRO/1000 Network Connection
[    1.671844] mptbase: ioc0: Initiating bringup
[    1.768914] ioc0: LSI53C1030 A0: Capabilities={Initiator}
[    2.010831] scsi host2: ioc0: LSI53C1030 A0, FwRev=00000000h, Ports=1, MaxQ=256, IRQ=20
[    2.181549] scsi 2:0:0:0: Direct-Access     VBOX     HARDDISK         1.0  PQ: 0 ANSI: 5
[    2.183602] scsi target2:0:0: Beginning Domain Validation
[    2.187981] random: fast init done
[    2.190576] scsi target2:0:0: Domain Validation skipping write tests
[    2.192186] scsi target2:0:0: Ending Domain Validation
[    2.193442] scsi target2:0:0: asynchronous
[    2.195193] scsi 2:0:1:0: Direct-Access     VBOX     HARDDISK         1.0  PQ: 0 ANSI: 5
[    2.198262] scsi target2:0:1: Beginning Domain Validation
[    2.201718] scsi target2:0:1: Domain Validation skipping write tests
[    2.203357] scsi target2:0:1: Ending Domain Validation
[    2.205278] scsi target2:0:1: asynchronous
[    2.213781] random: systemd-udevd: uninitialized urandom read (16 bytes read)
[    2.215822] random: systemd-udevd: uninitialized urandom read (16 bytes read)
[    2.217666] sd 2:0:0:0: Attached scsi generic sg0 type 0
[    2.219041] random: systemd-udevd: uninitialized urandom read (16 bytes read)
[    2.222095] sd 2:0:0:0: [sda] 20971520 512-byte logical blocks: (10.7 GB/10.0 GiB)
[    2.224062] sd 2:0:0:0: [sda] Write Protect is off
[    2.225352] sd 2:0:0:0: [sda] Incomplete mode parameter data
[    2.226725] sd 2:0:0:0: [sda] Assuming drive cache: write through
[    2.228100] sd 2:0:1:0: Attached scsi generic sg1 type 0
[    2.230518] sd 2:0:1:0: [sdb] 20480 512-byte logical blocks: (10.5 MB/10.0 MiB)
[    2.237436] sd 2:0:1:0: [sdb] Write Protect is off
[    2.238881] sd 2:0:1:0: [sdb] Incomplete mode parameter data
[    2.240158] sd 2:0:1:0: [sdb] Assuming drive cache: write through
[    2.242818]  sda: sda1
[    2.249895] sd 2:0:0:0: [sda] Attached SCSI disk
[    2.251301] sd 2:0:1:0: [sdb] Attached SCSI disk
[    2.687792] e1000 0000:00:08.0 eth1: (PCI:33MHz:32-bit) 08:00:27:3e:82:88
[    2.690051] e1000 0000:00:08.0 eth1: Intel(R) PRO/1000 Network Connection
[    2.694043] e1000 0000:00:08.0 enp0s8: renamed from eth1
[    2.697308] e1000 0000:00:03.0 enp0s3: renamed from eth0
Begin: Loading essential drivers ... [    4.164286] raid6: sse2x1   gen()  9072 MB/s
[    4.212416] raid6: sse2x1   xor()  6581 MB/s
[    4.260404] raid6: sse2x2   gen() 11470 MB/s
[    4.308037] raid6: sse2x2   xor()  6808 MB/s
[    4.359482] raid6: sse2x4   gen() 14604 MB/s
[    4.409009] raid6: sse2x4   xor()  8429 MB/s
[    4.460265] raid6: avx2x1   gen() 17763 MB/s
[    4.509859] raid6: avx2x1   xor() 12726 MB/s
[    4.559696] raid6: avx2x2   gen() 22381 MB/s
[    4.609740] raid6: avx2x2   xor() 14021 MB/s
[    4.658125] raid6: avx2x4   gen() 23794 MB/s
[    4.704088] raid6: avx2x4   xor() 11914 MB/s
[    4.705184] raid6: using algorithm avx2x4 gen() 23794 MB/s
[    4.706370] raid6: .... xor() 11914 MB/s, rmw enabled
[    4.707579] raid6: using avx2x2 recovery algorithm
[    4.711491] xor: automatically using best checksumming function   avx       
[    4.717321] async_tx: api initialized (async)
done.
Begin: Running /scripts/init-premount ... done.
Begin: Mounting root file system ... Begin: Running /scripts/local-top ... done.
Begin: Running /scripts/local-premount ... [    4.847647] Btrfs loaded, crc32c=crc32c-intel
Scanning for Btrfs filesystems
done.
Warning: fsck not present, so skipping root file system
[    4.915987] EXT4-fs (sda1): mounted filesystem with ordered data mode. Opts: (null)
done.
Begin: Running /scripts/local-bottom ... done.
Begin: Running /scripts/init-bottom ... done.
[    5.277321] ip_tables: (C) 2000-2006 Netfilter Core Team
[    5.347417] systemd[1]: systemd 237 running in system mode. (+PAM +AUDIT +SELINUX +IMA +APPARMOR +SMACK +SYSVINIT +UTMP +LIBCRYPTSETUP +GCRYPT +GNUTLS +ACL +XZ +LZ4 +SECCOMP +BLKID +ELFUTILS +KMOD -IDN2 +IDN -PCRE2 default-hierarchy=hybrid)
[    5.355658] systemd[1]: Detected virtualization oracle.
[    5.356907] systemd[1]: Detected architecture x86-64.

Welcome to [1mUbuntu 18.04.4 LTS[0m!

[    5.373304] systemd[1]: Set hostname to <ubuntu>.
[    5.381800] systemd[1]: Initializing machine ID from random generator.
[    5.385026] systemd[1]: Installed transient /etc/machine-id file.
[    5.791173] systemd[1]: Created slice User and Session Slice.
[[0;32m  OK  [0m] Created slice User and Session Slice.
[    5.804847] systemd[1]: Started Forward Password Requests to Wall Directory Watch.
[[0;32m  OK  [0m] Started Forward Password Requests to Wall Directory Watch.
[    5.808812] systemd[1]: Set up automount Arbitrary Executable File Formats File System Automount Point.
[[0;32m  OK  [0m] Set up automount Arbitrary Executab…rmats File System Automount Point.
[    5.824859] systemd[1]: Reached target User and Group Name Lookups.
[[0;32m  OK  [0m] Reached target User and Group Name Lookups.
[[0;32m  OK  [0m] Reached target Swap.
[[0;32m  OK  [0m] Created slice System Slice.
[[0;32m  OK  [0m] Listening on Journal Socket (/dev/log).
[[0;32m  OK  [0m] Listening on Journal Socket.
[[0;32m  OK  [0m] Created slice system-serial\x2dgetty.slice.
         Mounting POSIX Message Queue File System...
         Starting Uncomplicated firewall...
[[0;32m  OK  [0m] Listening on Network Service Netlink Socket.
         Starting Create list of required st…ce nodes for the current kernel...
         Starting Set the console keyboard layout...
[[0;32m  OK  [0m] Listening on /dev/initctl Compatibility Named Pipe.
         Starting Remount Root and Kernel File Systems...
         Mounting Huge Pages File System...
[[0;32m  OK  [0m] Listening on Journal Audit Socket.
[    5.914079] EXT4-fs (sda1): re-mounted. Opts: (null)
[[0;32m  OK  [0m] Listening on udev Kernel Socket.
[[0;32m  OK  [0m] Listening on LVM2 poll daemon socket.
[[0;32m  OK  [0m] Listening on LVM2 metadata daemon socket.
         Mounting Kernel Debug File System...
[[0;32m  OK  [0m] Listening on Device-mapper event daemon FIFOs.
         Starting Monitoring of LVM2 mirrors…ng dmeventd or progress polling...
[[0;32m  OK  [0m] Listening on udev Control Socket.
[[0;32m  OK  [0m] Reached target System Time Synchronized.
         Starting udev Coldplug all Devices...
[[0;32m  OK  [0m] Listening on Syslog Socket.
         Starting Journal Service...
         Starting Load Kernel Modules...
[[0;32m  OK  [0m] Reached target Slices.
[[0;32m  OK  [0m] Mounted POSIX Message Queue File System.
[[0;32m  OK  [0m] Started Uncomplicated firewall.
[[0;32m  OK  [0m] Started Create list of required sta…vice nodes for the current kernel.
[[0;32m  OK  [0m] Started Remount Root and Kernel File Systems.
[[0;32m  OK  [0m] Mounted Huge Pages File System.
[[0;32m  OK  [0m] Mounted Kernel Debug File System.
[[0;32m  OK  [0m] Started LVM2 metadata daemon.
         Starting Load/Save Random Seed...
         Starting Create Static Device Nodes in /dev...
[[0;32m  OK  [0m] Started Load/Save Random Seed.
[[0;32m  OK  [0m] Started Create Static Device Nodes in /dev.
         Starting udev Kernel Device Manager...
[    6.130635] Loading iSCSI transport class v2.0-870.
[[0;32m  OK  [0m] Started Monitoring of LVM2 mirrors,…sing dmeventd or progress polling.
[    6.170039] iscsi: registered transport (tcp)
[[0;32m  OK  [0m] Started udev Kernel Device Manager.
[    6.280349] iscsi: registered transport (iser)
[[0;32m  OK  [0m] Started Load Kernel Modules.
         Mounting FUSE Control File System...
         Starting Apply Kernel Variables...
         Mounting Kernel Configuration File System...
[[0;32m  OK  [0m] Started Journal Service.
[[0;32m  OK  [0m] Mounted FUSE Control File System.
[[0;32m  OK  [0m] Mounted Kernel Configuration File System.
[[0;32m  OK  [0m] Started Apply Kernel Variables.
         Starting Flush Journal to Persistent Storage...
[[0;32m  OK  [0m] Started udev Coldplug all Devices.
[[0;32m  OK  [0m] Started Set the console keyboard layout.
[[0;32m  OK  [0m] Reached target Local File Systems (Pre).
[[0;32m  OK  [0m] Reached target Local File Systems.
         Starting AppArmor initialization...
         Starting Commit a transient machine-id on disk...
         Starting ebtables ruleset management...
         Starting Tell Plymouth To Write Out Runtime Data...
         Starting Set console font and keymap...
[[0;32m  OK  [0m] Started Dispatch Password Requests to Console Directory Watch.
[[0;32m  OK  [0m] Reached target Local Encrypted Volumes.
[[0;32m  OK  [0m] Started Flush Journal to Persistent Storage.
         Starting Create Volatile Files and Directories...
[[0;32m  OK  [0m] Started Commit a transient machine-id on disk.
[[0;32m  OK  [0m] Started Tell Plymouth To Write Out Runtime Data.
[[0;32m  OK  [0m] Started Set console font and keymap.
[[0;32m  OK  [0m] Started Create Volatile Files and Directories.
         Starting Update UTMP about System Boot/Shutdown...
[[0;32m  OK  [0m] Started Update UTMP about System Boot/Shutdown.
[[0;32m  OK  [0m] Started ebtables ruleset management.
[[0;32m  OK  [0m] Found device /dev/ttyS0.
[[0;32m  OK  [0m] Listening on Load/Save RF Kill Switch Status /dev/rfkill Watch.
[[0;32m  OK  [0m] Started AppArmor initialization.
         Starting Initial cloud-init job (pre-networking)...
[   10.506667] cloud-init[553]: Cloud-init v. 19.4-33-gbb4131a2-0ubuntu1~18.04.1 running 'init-local' at Thu, 02 Apr 2020 12:41:59 +0000. Up 10.01 seconds.
[[0;32m  OK  [0m] Started Initial cloud-init job (pre-networking).
[[0;32m  OK  [0m] Reached target Network (Pre).
         Starting Network Service...
[[0;32m  OK  [0m] Started Network Service.
         Starting Network Name Resolution...
         Starting Wait for Network to be Configured...
[[0;32m  OK  [0m] Started Network Name Resolution.
[[0;32m  OK  [0m] Reached target Network.
[[0;32m  OK  [0m] Reached target Host and Network Name Lookups.
[[0;32m  OK  [0m] Started Wait for Network to be Configured.
         Starting Initial cloud-init job (metadata service crawler)...
[   13.482627] cloud-init[641]: Cloud-init v. 19.4-33-gbb4131a2-0ubuntu1~18.04.1 running 'init' at Thu, 02 Apr 2020 12:42:02 +0000. Up 13.13 seconds.
[   13.493393] cloud-init[641]: ci-info: ++++++++++++++++++++++++++++++++++++++Net device info+++++++++++++++++++++++++++++++++++++++
[   13.502824] cloud-init[641]: ci-info: +--------+-------+----------------------------+---------------+--------+-------------------+
[   13.525698] cloud-init[641]: ci-info: | Device |   Up  |          Address           |      Mask     | Scope  |     Hw-Address    |
[   13.533179] cloud-init[641]: ci-info: +--------+-------+----------------------------+---------------+--------+-------------------+
[   13.550180] cloud-init[641]: ci-info: | enp0s3 |  True |         10.0.2.15          | 255.255.255.0 | global | 02:39:67:45:9c:e6 |
[   13.555096] cloud-init[641]: ci-info: | enp0s3 |  True | fe80::39:67ff:fe45:9ce6/64 |       .       |  link  | 02:39:67:45:9c:e6 |
[   13.563514] cloud-init[641]: ci-info: | enp0s8 | False |             .              |       .       |   .    | 08:00:27:3e:82:88 |
[   13.580462] cloud-init[641]: ci-info: |   lo   |  True |         127.0.0.1          |   255.0.0.0   |  host  |         .         |
[   13.592376] cloud-init[641]: ci-info: |   lo   |  True |          ::1/128           |       .       |  host  |         .         |
[   13.596506] cloud-init[641]: ci-info: +--------+-------+----------------------------+---------------+--------+-------------------+
[   13.599710] cloud-init[641]: ci-info: ++++++++++++++++++++++++++++Route IPv4 info+++++++++++++++++++++++++++++
[   13.608600] cloud-init[641]: ci-info: +-------+-------------+----------+-----------------+-----------+-------+
[   13.614200] cloud-init[641]: ci-info: | Route | Destination | Gateway  |     Genmask     | Interface | Flags |
[   13.622910] cloud-init[641]: ci-info: +-------+-------------+----------+-----------------+-----------+-------+
[   13.629350] cloud-init[641]: ci-info: |   0   |   0.0.0.0   | 10.0.2.2 |     0.0.0.0     |   enp0s3  |   UG  |
[   13.636445] cloud-init[641]: ci-info: |   1   |   10.0.2.0  | 0.0.0.0  |  255.255.255.0  |   enp0s3  |   U   |
[   13.648311] cloud-init[641]: ci-info: |   2   |   10.0.2.2  | 0.0.0.0  | 255.255.255.255 |   enp0s3  |   UH  |
[   13.653261] cloud-init[641]: ci-info: +-------+-------------+----------+-----------------+-----------+-------+
[   13.660372] cloud-init[641]: ci-info: +++++++++++++++++++Route IPv6 info+++++++++++++++++++
[   13.670359] cloud-init[641]: ci-info: +-------+-------------+---------+-----------+-------+
[   13.680518] cloud-init[641]: ci-info: | Route | Destination | Gateway | Interface | Flags |
[   13.684498] cloud-init[641]: ci-info: +-------+-------------+---------+-----------+-------+
[   13.690529] cloud-init[641]: ci-info: |   1   |  fe80::/64  |    ::   |   enp0s3  |   U   |
[   13.699346] cloud-init[641]: ci-info: |   3   |    local    |    ::   |   enp0s3  |   U   |
[   13.706254] cloud-init[641]: ci-info: |   4   |   ff00::/8  |    ::   |   enp0s3  |   U   |
[   13.712301] cloud-init[641]: ci-info: +-------+-------------+---------+-----------+-------+
[   14.701476] cloud-init[641]: Generating public/private rsa key pair.
[   14.712950] cloud-init[641]: Your identification has been saved in /etc/ssh/ssh_host_rsa_key.
[   14.724966] cloud-init[641]: Your public key has been saved in /etc/ssh/ssh_host_rsa_key.pub.
[   14.744725] cloud-init[641]: The key fingerprint is:
[   14.753827] cloud-init[641]: SHA256:ODnz8GyucIxkrmfLeUIJhUcAWA5oQfUWFlDi6KCYJzE root@ubuntu-bionic
[   14.768429] cloud-init[641]: The key's randomart image is:
[   14.772253] cloud-init[641]: +---[RSA 2048]----+
[   14.776736] cloud-init[641]: |*==B+=.          |
[   14.780393] cloud-init[641]: |o++ * .          |
[   14.784294] cloud-init[641]: |E..+ o           |
[   14.788360] cloud-init[641]: |=+. .  o         |
[   14.792276] cloud-init[641]: |=...o.B S        |
[   14.796402] cloud-init[641]: | o +oo O         |
[   14.800553] cloud-init[641]: |   .+ o =        |
[   14.804216] cloud-init[641]: |   o++.o         |
[   14.808427] cloud-init[641]: |  .o++...        |
[   14.810079] cloud-init[641]: +----[SHA256]-----+
[   14.818606] cloud-init[641]: Generating public/private dsa key pair.
[   14.821351] cloud-init[641]: Your identification has been saved in /etc/ssh/ssh_host_dsa_key.
[   14.823776] cloud-init[641]: Your public key has been saved in /etc/ssh/ssh_host_dsa_key.pub.
[   14.840724] cloud-init[641]: The key fingerprint is:
[   14.848766] cloud-init[641]: SHA256:IPG52oP693Dwbb5efC2MYLK1/ZezVuYLRwLYOPiu1bQ root@ubuntu-bionic
[   14.865244] cloud-init[641]: The key's randomart image is:
[   14.873052] cloud-init[641]: +---[DSA 1024]----+
[   14.885706] cloud-init[641]: |    .            |
[   14.892751] cloud-init[641]: |     o .. +      |
[   14.904841] cloud-init[641]: |    . +. + o     |
[   14.912868] cloud-init[641]: |     . o. . .    |
[   14.914455] cloud-init[641]: |      o S.+. . . |
[   14.920794] cloud-init[641]: |     + o.*o=.oo.o|
[   14.922162] cloud-init[641]: |    o + +o+E=.+++|
[   14.925321] cloud-init[641]: |   .  .+oo . oo=o|
[   14.928294] cloud-init[641]: |  .... o..+.  o++|
[   14.932552] cloud-init[641]: +----[SHA256]-----+
[   14.934584] cloud-init[641]: Generating public/private ecdsa key pair.[[0;32m  OK  [0m] Started Initial cloud-init job (metadata service crawler).
[
[   14.940542] cloud-init[641]: Your identification has been saved in /etc/ssh/ssh_host_ecdsa_key.
[   14.940855] cloud-init[641]: Your public key has been saved in /etc/ssh/ssh_host_ecdsa_key.pub.
[   14.940915] cloud-init[641]: The key fingerprint is:
[   14.940955] cloud-init[641]: SHA256:UYO1OSWmsFE6KlmZTQi8UTl1dnAyyxXp0XQsRaqP35M root@ubuntu-bionic
[   14.940996] cloud-init[641]: The key's randomart image is:
[   14.941033] cloud-init[641]: +---[ECDSA 256]---+
[0;32m  OK  [0m] Reached target Network is Online.
[   14.955805]          Starting Availability of block devices...
[[0;32m  OK  [0m] Reached target Remote File Systems (Pre).
[[0;32m  OK  [0m] Reached target Remote File Systems.cloud-init
[[0;32m  OK  [0m] Reached target Cloud-config availability.[641]: 
[[0;32m  OK  [0m] Reached target System Initialization.
| ..o.+=.B+@=o++  |
[   14.993574] cloud-init[641]: |  o += O.@o*oo.  |         Starting LXD - unix socket.
[[0;32m  OK  [0m
[   15.011935] ] Started ACPI Events Check.
[[0;32m  OK  [0m] cloud-init[641]: |   o+.= =.+...   |Started Daily apt download activities.
[[0;32m  OK  [0m] Listening on Open-iSCSI iscsid Socket.
[[0;32m  OK  [0m] Started Message of the Day.
[[0;32m  OK  [0m] Listening on D-Bus System Message Bus Socket.

[   15.037039] cloud-init[641]: |  .o . . ..o     |
[[0;32m  OK  [0m] Started Discard unused blocks once a week.
[[0;32m  OK  [0m] Listening on UUID daemon activation socket.
[   15.044091] cloud-init[641]: |  o .   S .      |
         Starting Socket activation for snappy daemon.
[   15.050910] cloud-init[641]: |   .       o     |[[0;32m  OK  [0m] Reached target Paths.
[[0;32m  OK  [0m] Listening on ACPID Listen Socket.
[[0;32m  OK  [0m] Started Daily Cleanup of Temporary Directories.
[   15.058289] cloud-init[641]: |          . .  . |
[   15.059529] cloud-init[641]: 
[[0;32m  OK  [0m] Started Daily apt upgrade and clean activities.
[[0;32m  OK  [0m] Reached target Timers.
|           . .E  |
[[0;32m  OK  [0m] Started Availability of block devices.
[[0;32m  OK  [0m] Listening on LXD - unix socket.[   15.073094] cloud-init[641]: |            . .. |
[   15.074132] cloud-init[641]: +----[SHA256]-----+
[   15.075124] cloud-init[641]: Generating public/private ed25519 key pair.
[[0;32m  OK  [0m] Listening on Socket activation for snappy daemon.
[[0;32m  OK  [0m] Reached target Sockets.
[[0;32m  OK  [0m] 
[   15.083762] cloud-initReached target Basic System.
[641]: Your identification has been saved in /etc/ssh/ssh_host_ed25519_key.         Starting Virtualbox guest utils...
[[0;32m  OK  [0m] Started Regular background program processing daemon.

[   15.095986] cloud-init[641]: Your public key has been saved in /etc/ssh/ssh_host_ed25519_key.pub.
         Starting Dispatcher daemon for systemd-networkd...
[   15.113856] cloud-init[641]: The key fingerprint is:
[   15.128265] cloud-init[641]: SHA256:9rh0I1PutHiAweZGw+posk6PFpzH42KkOcMFW5VGano root@ubuntu-bionic
[   15.131653] cloud-init[641]: The key's randomart image is:
[   15.139080] cloud-init[641]: +--[ED25519 256]--+
[   15.144365] cloud-init[641]: |    ...          |
[   15.146200] cloud-init[641]: |    .+           |
[   15.152535] cloud-init[641]: |   ooo           |
         Starting Snappy daemon...
         Starting Accounts Service...
         Starting Pollinate to seed the pseudo random number generator...
[   15.172024] cloud-init[641]: | .o.  B          |
         Starting System Logging Service...
         Starting LXD - container startup/shutdown...
[[0;32m  OK  [0m] Started FUSE filesystem for LXC.[   15.196999] 
cloud-init[641]: |..*E = +S .      |
[   15.215558] cloud-init[641]: | *.=. +..=       |
[   15.225752] cloud-init[641]: |+o=o..  =.*      |
[   15.237545] cloud-init[641]: |B==..  . O.o     |
[   15.251760] cloud-init[641]: |=O..    o.o      |
[   15.263051] cloud-init[641]: +----[SHA256]-----+
[[0;32m  OK  [0m] Started irqbalance daemon.
         Starting Permit User Sessions...
         Starting LSB: Record successful boot for GRUB...
[[0;32m  OK  [0m] Started Deferred execution scheduler.
[[0;32m  OK  [0m] Started D-Bus System Message Bus.
         Starting LSB: automatic crash report generation...
         Starting Login Service...
[[0;32m  OK  [0m] Started System Logging Service.
[[0;32m  OK  [0m] Started Permit User Sessions.
         Starting Hold until boot process finishes up...
         Starting Terminate Plymouth Boot Screen...
[[0;32m  OK  [0m] Started Terminate Plymouth Boot Screen.
[[0;32m  OK  [0m] Started Hold until boot process finishes up.
         Starting Set console scheme...
[[0;32m  OK  [0m] Started Serial Getty on ttyS0.
[[0;32m  OK  [0m] Started Set console scheme.
[[0;32m  OK  [0m] Created slice system-getty.slice.
[[0;32m  OK  [0m] Started Getty on tty1.
[[0;32m  OK  [0m] Reached target Login Prompts.
[[0;32m  OK  [0m] Started LXD - container startup/shutdown.
         Starting Authorization Manager...
[[0;32m  OK  [0m] Started Login Service.
[[0;32m  OK  [0m] Started Unattended Upgrades Shutdown.
[[0;32m  OK  [0m] Started LSB: Record successful boot for GRUB.
[[0;32m  OK  [0m] Started LSB: automatic crash report generation.
[[0;32m  OK  [0m] Started Authorization Manager.
[[0;32m  OK  [0m] Started Accounts Service.
[[0;32m  OK  [0m] Started Virtualbox guest utils.
[[0;32m  OK  [0m] Started Dispatcher daemon for systemd-networkd.
[[0;32m  OK  [0m] Started Snappy daemon.
         Starting Wait until snapd is fully seeded...
[[0;32m  OK  [0m] Started Wait until snapd is fully seeded.
         Starting Apply the settings specified in cloud-config...
[   19.352317] cloud-init[907]: Cloud-init v. 19.4-33-gbb4131a2-0ubuntu1~18.04.1 running 'modules:config' at Thu, 02 Apr 2020 12:42:08 +0000. Up 18.58 seconds.
[[0;32m  OK  [0m] Started Apply the settings specified in cloud-config.

Ubuntu 18.04.4 LTS ubuntu-bionic ttyS0

ubuntu-bionic login: ci-info: no authorized SSH keys fingerprints found for user ubuntu.
<14>Apr  2 12:42:13 ec2: 
<14>Apr  2 12:42:13 ec2: #############################################################
<14>Apr  2 12:42:13 ec2: -----BEGIN SSH HOST KEY FINGERPRINTS-----
<14>Apr  2 12:42:13 ec2: 1024 SHA256:IPG52oP693Dwbb5efC2MYLK1/ZezVuYLRwLYOPiu1bQ root@ubuntu-bionic (DSA)
<14>Apr  2 12:42:13 ec2: 256 SHA256:UYO1OSWmsFE6KlmZTQi8UTl1dnAyyxXp0XQsRaqP35M root@ubuntu-bionic (ECDSA)
<14>Apr  2 12:42:13 ec2: 256 SHA256:9rh0I1PutHiAweZGw+posk6PFpzH42KkOcMFW5VGano root@ubuntu-bionic (ED25519)
<14>Apr  2 12:42:13 ec2: 2048 SHA256:ODnz8GyucIxkrmfLeUIJhUcAWA5oQfUWFlDi6KCYJzE root@ubuntu-bionic (RSA)
<14>Apr  2 12:42:13 ec2: -----END SSH HOST KEY FINGERPRINTS-----
<14>Apr  2 12:42:13 ec2: #############################################################
-----BEGIN SSH HOST KEY KEYS-----
ecdsa-sha2-nistp256 AAAAE2VjZHNhLXNoYTItbmlzdHAyNTYAAAAIbmlzdHAyNTYAAABBBGEyCFLSdMO8wpaeAOlo0UoB+NNq+yAz2X4zoWq7PMgHcS+Gxagp7bzEi1mlR3NaO5IEckTM7u4yBWvoVpk3kbA= root@ubuntu-bionic
ssh-ed25519 AAAAC3NzaC1lZDI1NTE5AAAAIKxB1gCgaVf+8ccguGZktnEm7P87ptW2Pzk0JdtjjqYF root@ubuntu-bionic
ssh-rsa AAAAB3NzaC1yc2EAAAADAQABAAABAQDFi53f7CGryMfu0TckBhAxEY1ckbTePMd+FfnOm13J1fRhDwtfMwZ+Q2wRbcC+K6WXrLydcqT6OM+iLVX8bp3i8gQoS3AhUoYWkMTXAQZQIxzcwNt+N95mU2TRZ29cKZG0S1DexNyCoNqaQGaoQei97sYzsaQGQAm10tzIvCF0wZJ8sVSGiop4yMBOP8LGMpKwNm9nKh1+xePLaj4rG8Yd2MCdgvoUuao9eyCyyqC1EG6BGqtxPXTbCvI1sfBAfURRt7HpL+GSoVs6GPkapJLOuV0zMaBirreHmAaLbAhZfvzCzcfgUkoxE5aKZOYqMbcRACXfyCXi2+/EiOPBhFb7 root@ubuntu-bionic
-----END SSH HOST KEY KEYS-----
[   23.825364] cloud-init[1001]: Cloud-init v. 19.4-33-gbb4131a2-0ubuntu1~18.04.1 running 'modules:final' at Thu, 02 Apr 2020 12:42:13 +0000. Up 23.50 seconds.
[   23.827522] cloud-init[1001]: ci-info: no authorized SSH keys fingerprints found for user ubuntu.
[   23.836370] cloud-init[1001]: Cloud-init v. 19.4-33-gbb4131a2-0ubuntu1~18.04.1 finished at Thu, 02 Apr 2020 12:42:13 +0000. Datasource DataSourceNoCloud [seed=/dev/sdb][dsmode=net].  Up 23.81 seconds
MlUzwA2vO3eORDL8EBwQykAv0pVvhFmRHkJ root@ubuntu-bionic
-----END SSH HOST KEY KEYS-----
[   36.633087] cloud-init[1715]: Cloud-init v. 19.4-33-gbb4131a2-0ubuntu1~18.04.1 running 'modules:final' at Thu, 02 Apr 2020 12:41:46 +0000. Up 36.42 seconds.
[   36.644623] cloud-init[1715]: ci-info: no authorized SSH keys fingerprints found for user ubuntu.
[   36.652734] cloud-init[1715]: Cloud-init v. 19.4-33-gbb4131a2-0ubuntu1~18.04.1 finished at Thu, 02 Apr 2020 12:41:46 +0000. Datasource DataSourceNoCloud [seed=/dev/sdb][dsmode=net].  Up 36.59 seconds
